<?xml version="1.0" encoding="UTF-8"?>
<testsuites>
  <testsuite name="performing_a_yahoo_search1" timestamp="2018-01-23T11:41:02" time="7.721" tests="0" failures="0" errors="0" skipped="0">
    <properties>
      <property name="specId" value="728a125c32e163737dbe65e3fe2ee9d8"/>
      <property name="suiteName" value="Performing a Yahoo Search1"/>
      <property name="capabilities" value="chrome"/>
    </properties>
  </testsuite>
  <testsuite name="performing_a_search_operation11" timestamp="2018-01-23T11:41:02" time="4.68" tests="4" failures="0" errors="0" skipped="0">
    <properties>
      <property name="specId" value="728a125c32e163737dbe65e3fe2ee9d8"/>
      <property name="suiteName" value="Performing a search operation11"/>
      <property name="capabilities" value="chrome"/>
    </properties>
    <testcase classname="chrome.Performing a search operation11" name="I am on the search page9" time="10.105"/>
    <testcase classname="chrome.Performing a search operation11" name="I enter &quot;Selenium Webdriver&quot; into the search box12" time="8.295"/>
    <testcase classname="chrome.Performing a search operation11" name="I click the search button13" time="7.043"/>
    <testcase classname="chrome.Performing a search operation11" name="I should see a list of search results14" time="5.907"/>
  </testsuite>
  <testsuite name="performing_a_search_operation_with_passing_test_data_as_data_table23" timestamp="2018-01-23T11:41:07" time="3.032" tests="4" failures="0" errors="0" skipped="0">
    <properties>
      <property name="specId" value="728a125c32e163737dbe65e3fe2ee9d8"/>
      <property name="suiteName" value="Performing a search operation with passing test data as data table23"/>
      <property name="capabilities" value="chrome"/>
    </properties>
    <testcase classname="chrome.Performing a search operation with passing test data as data table23" name="I am on the search page9" time="5.424"/>
    <testcase classname="chrome.Performing a search operation with passing test data as data table23" name="I enter &quot;Selenium Webdriver&quot; into the search box17" time="4.092"/>
    <testcase classname="chrome.Performing a search operation with passing test data as data table23" name="I click the search button18" time="3.758"/>
    <testcase classname="chrome.Performing a search operation with passing test data as data table23" name="I should see a list of search results19" time="2.675"/>
  </testsuite>
</testsuites>